<?xml version="1.0" encoding="UTF-8"?>
<!-- Generated by org.testng.reporters.JUnitReportReporter -->
<testsuite hostname="gzzb-it09" name="com.gstzy.Registry" tests="4" failures="0" timestamp="4 Apr 2018 08:43:36 GMT" time="23.161" errors="0">
  <testcase name="newPatient" time="5.929" classname="com.gstzy.Registry"/>
  <testcase name="login" time="0.747" classname="com.gstzy.Registry"/>
  <testcase name="checkVersion" time="6.240" classname="com.gstzy.Registry"/>
  <testcase name="registry" time="10.245" classname="com.gstzy.Registry"/>
</testsuite> <!-- Registry -->
