<?xml version="1.0" encoding="UTF-8"?>
<!-- Generated by org.testng.reporters.JUnitReportReporter -->
<testsuite hostname="gzzb-it09" name="com.gstzy.DocWork" tests="2" failures="0" timestamp="18 Apr 2018 03:14:55 GMT" time="4.107" errors="0">
  <testcase name="b_checkVersion" time="3.556" classname="com.gstzy.DocWork"/>
  <testcase name="a_login" time="0.551" classname="com.gstzy.DocWork"/>
</testsuite> <!-- com.gstzy.DocWork -->
